{
  name: 'MongooseServerSelectionError',
  message: 'connect ECONNREFUSED ::1:27017, connect ECONNREFUSED 127.0.0.1:27017',
  stack: 'MongooseServerSelectionError: connect ECONNREFUSED ::1:27017, connect ECONNREFUSED 127.0.0.1:27017\n' +
    '    at _handleConnectionErrors (C:\\Users\\athit\\Education\\10X Hacker Cup\\intro-talk-backend\\node_modules\\mongoose\\lib\\connection.js:909:11)\n' +
    '    at NativeConnection.openUri (C:\\Users\\athit\\Education\\10X Hacker Cup\\intro-talk-backend\\node_modules\\mongoose\\lib\\connection.js:860:11)',
  level: 'error',
  timestamp: '2024-12-09 20:28:47'
}
{
  name: 'TypeError',
  message: 'req.body is not a function',
  trace: 'TypeError: req.body is not a function\n' +
    '    at UserController.<anonymous> (C:\\Users\\athit\\Education\\10X Hacker Cup\\intro-talk-backend\\src\\features\\user\\user.controller.ts:13:30)\n' +
    '    at Generator.next (<anonymous>)\n' +
    '    at C:\\Users\\athit\\Education\\10X Hacker Cup\\intro-talk-backend\\src\\features\\user\\user.controller.ts:8:71\n' +
    '    at new Promise (<anonymous>)\n' +
    '    at __awaiter (C:\\Users\\athit\\Education\\10X Hacker Cup\\intro-talk-backend\\src\\features\\user\\user.controller.ts:4:12)\n' +
    '    at UserController.register (C:\\Users\\athit\\Education\\10X Hacker Cup\\intro-talk-backend\\src\\features\\user\\user.controller.ts:11:70)\n' +
    '    at Layer.handle [as handle_request] (C:\\Users\\athit\\Education\\10X Hacker Cup\\intro-talk-backend\\node_modules\\express\\lib\\router\\layer.js:95:5)\n' +
    '    at next (C:\\Users\\athit\\Education\\10X Hacker Cup\\intro-talk-backend\\node_modules\\express\\lib\\router\\route.js:149:13)\n' +
    '    at Route.dispatch (C:\\Users\\athit\\Education\\10X Hacker Cup\\intro-talk-backend\\node_modules\\express\\lib\\router\\route.js:119:3)\n' +
    '    at Layer.handle [as handle_request] (C:\\Users\\athit\\Education\\10X Hacker Cup\\intro-talk-backend\\node_modules\\express\\lib\\router\\layer.js:95:5)',
  level: 'error',
  timestamp: '2024-12-09 20:53:41'
}
